********************************************************************************
*                             Initializing Cubiquity                           *
********************************************************************************
[22:00:16, Info   ]: Creating empty voxel database as 'C:/Users/RUNEBA~1/AppData/Local/Temp/DefaultCompany/SandVacSim/1F26763C.vdb'
[22:01:57, Info   ]: Resizing compressed data buffer to 288486bytes. This should only happen once
[22:01:58, Info   ]: Creating empty voxel database as 'C:/Users/RUNEBA~1/AppData/Local/Temp/DefaultCompany/SandVacSim/2A902396.vdb'
[22:02:05, Info   ]: Resizing compressed data buffer to 288486bytes. This should only happen once
[22:02:06, Info   ]: Creating empty voxel database as 'C:/Users/RUNEBA~1/AppData/Local/Temp/DefaultCompany/SandVacSim/3B8297E3.vdb'
[22:08:03, Info   ]: Resizing compressed data buffer to 288486bytes. This should only happen once
[22:08:05, Info   ]: Creating empty voxel database as 'C:/Users/RUNEBA~1/AppData/Local/Temp/DefaultCompany/SandVacSim/55D317F1.vdb'
[22:08:11, Info   ]: Resizing compressed data buffer to 288486bytes. This should only happen once
[22:08:13, Info   ]: Creating empty voxel database as 'C:/Users/RUNEBA~1/AppData/Local/Temp/DefaultCompany/SandVacSim/5DEEAD15.vdb'
[22:08:34, Info   ]: Resizing compressed data buffer to 288486bytes. This should only happen once
[22:08:35, Info   ]: Creating empty voxel database as 'C:/Users/RUNEBA~1/AppData/Local/Temp/DefaultCompany/SandVacSim/26307353.vdb'
[22:08:40, Info   ]: Resizing compressed data buffer to 288486bytes. This should only happen once
[22:08:40, Info   ]: Creating empty voxel database as 'C:/Users/RUNEBA~1/AppData/Local/Temp/DefaultCompany/SandVacSim/1C795C85.vdb'
[22:14:43, Info   ]: Resizing compressed data buffer to 288486bytes. This should only happen once
[22:14:44, Info   ]: Creating empty voxel database as 'C:/Users/RUNEBA~1/AppData/Local/Temp/DefaultCompany/SandVacSim/74C8BDE9.vdb'
[22:14:57, Info   ]: Resizing compressed data buffer to 288486bytes. This should only happen once
[22:14:57, Info   ]: Creating empty voxel database as 'C:/Users/RUNEBA~1/AppData/Local/Temp/DefaultCompany/SandVacSim/1E537F9B.vdb'
[22:15:53, Info   ]: Resizing compressed data buffer to 288486bytes. This should only happen once
[22:15:55, Info   ]: Creating empty voxel database as 'C:/Users/RUNEBA~1/AppData/Local/Temp/DefaultCompany/SandVacSim/25808606.vdb'
[22:16:13, Info   ]: Resizing compressed data buffer to 288486bytes. This should only happen once
[22:16:13, Info   ]: Creating empty voxel database as 'C:/Users/RUNEBA~1/AppData/Local/Temp/DefaultCompany/SandVacSim/167F4F5E.vdb'
[22:16:56, Info   ]: Resizing compressed data buffer to 288486bytes. This should only happen once
[22:16:57, Info   ]: Creating empty voxel database as 'C:/Users/RUNEBA~1/AppData/Local/Temp/DefaultCompany/SandVacSim/0DA4E9C9.vdb'
[22:19:13, Info   ]: Resizing compressed data buffer to 288486bytes. This should only happen once
[22:19:13, Info   ]: Creating empty voxel database as 'C:/Users/RUNEBA~1/AppData/Local/Temp/DefaultCompany/SandVacSim/0BCDA80E.vdb'
[22:19:52, Info   ]: Resizing compressed data buffer to 288486bytes. This should only happen once
[22:19:53, Info   ]: Creating empty voxel database as 'C:/Users/RUNEBA~1/AppData/Local/Temp/DefaultCompany/SandVacSim/71416EF8.vdb'
[22:20:34, Info   ]: Resizing compressed data buffer to 288486bytes. This should only happen once
[22:20:35, Info   ]: Creating empty voxel database as 'C:/Users/RUNEBA~1/AppData/Local/Temp/DefaultCompany/SandVacSim/1787ED07.vdb'
[22:32:14, Info   ]: Resizing compressed data buffer to 288486bytes. This should only happen once
[22:32:15, Info   ]: Creating empty voxel database as 'C:/Users/RUNEBA~1/AppData/Local/Temp/DefaultCompany/SandVacSim/200C7FC5.vdb'
[22:33:28, Info   ]: Resizing compressed data buffer to 288486bytes. This should only happen once
[22:33:28, Info   ]: Creating empty voxel database as 'C:/Users/RUNEBA~1/AppData/Local/Temp/DefaultCompany/SandVacSim/5662E3D6.vdb'
[22:35:36, Info   ]: Resizing compressed data buffer to 288486bytes. This should only happen once
[22:35:37, Info   ]: Creating empty voxel database as 'C:/Users/RUNEBA~1/AppData/Local/Temp/DefaultCompany/SandVacSim/3FE8626C.vdb'
[22:36:28, Info   ]: Resizing compressed data buffer to 288486bytes. This should only happen once
[22:36:29, Info   ]: Creating empty voxel database as 'C:/Users/RUNEBA~1/AppData/Local/Temp/DefaultCompany/SandVacSim/406C3EA4.vdb'
[22:36:57, Info   ]: Resizing compressed data buffer to 288486bytes. This should only happen once
[22:36:59, Info   ]: Creating empty voxel database as 'C:/Users/RUNEBA~1/AppData/Local/Temp/DefaultCompany/SandVacSim/78A9E9C1.vdb'
[22:37:33, Info   ]: Resizing compressed data buffer to 288486bytes. This should only happen once
[22:37:33, Info   ]: Creating empty voxel database as 'C:/Users/RUNEBA~1/AppData/Local/Temp/DefaultCompany/SandVacSim/2ABC770D.vdb'
[22:39:11, Info   ]: Resizing compressed data buffer to 288486bytes. This should only happen once
[22:39:13, Info   ]: Creating empty voxel database as 'C:/Users/RUNEBA~1/AppData/Local/Temp/DefaultCompany/SandVacSim/4766E72D.vdb'
[22:40:18, Info   ]: Resizing compressed data buffer to 288486bytes. This should only happen once
[22:40:18, Info   ]: Creating empty voxel database as 'C:/Users/RUNEBA~1/AppData/Local/Temp/DefaultCompany/SandVacSim/33887C64.vdb'
[22:40:22, Info   ]: Resizing compressed data buffer to 288486bytes. This should only happen once
[22:40:24, Info   ]: Creating empty voxel database as 'C:/Users/RUNEBA~1/AppData/Local/Temp/DefaultCompany/SandVacSim/2ADF4891.vdb'
[22:41:00, Info   ]: Resizing compressed data buffer to 288486bytes. This should only happen once
[22:41:00, Info   ]: Creating empty voxel database as 'C:/Users/RUNEBA~1/AppData/Local/Temp/DefaultCompany/SandVacSim/09496088.vdb'
[22:42:14, Info   ]: Resizing compressed data buffer to 288486bytes. This should only happen once
[22:42:15, Info   ]: Creating empty voxel database as 'C:/Users/RUNEBA~1/AppData/Local/Temp/DefaultCompany/SandVacSim/7C9F58A9.vdb'
[22:43:05, Info   ]: Resizing compressed data buffer to 288486bytes. This should only happen once
[22:43:05, Info   ]: Creating empty voxel database as 'C:/Users/RUNEBA~1/AppData/Local/Temp/DefaultCompany/SandVacSim/2418AF69.vdb'
